c:\users\joel.schultz\documents\github\playgroundsound\playgroundsound\playgroundsound\x64\debug\vc143.pdb
c:\users\joel.schultz\documents\github\playgroundsound\playgroundsound\playgroundsound\x64\debug\vc143.idb
c:\users\joel.schultz\documents\github\playgroundsound\playgroundsound\playgroundsound\x64\debug\wwiseapi.obj
c:\users\joel.schultz\documents\github\playgroundsound\playgroundsound\playgroundsound\x64\debug\stdafx.obj
c:\users\joel.schultz\documents\github\playgroundsound\playgroundsound\playgroundsound\x64\debug\akplatformprofilerhooks.obj
c:\users\joel.schultz\documents\github\playgroundsound\playgroundsound\playgroundsound\x64\debug\akmultiplefilelocation.obj
c:\users\joel.schultz\documents\github\playgroundsound\playgroundsound\playgroundsound\x64\debug\akjobworkermgr.obj
c:\users\joel.schultz\documents\github\playgroundsound\playgroundsound\playgroundsound\x64\debug\akgeneratedsoundbanksresolver.obj
c:\users\joel.schultz\documents\github\playgroundsound\playgroundsound\playgroundsound\x64\debug\akfilepackagelut.obj
c:\users\joel.schultz\documents\github\playgroundsound\playgroundsound\playgroundsound\x64\debug\akfilepackage.obj
c:\users\joel.schultz\documents\github\playgroundsound\playgroundsound\playgroundsound\x64\debug\akfilelocationbase.obj
c:\users\joel.schultz\documents\github\playgroundsound\playgroundsound\playgroundsound\x64\debug\akdefaultlowleveliodispatcher.obj
c:\users\joel.schultz\documents\github\playgroundsound\playgroundsound\playgroundsound\x64\debug\akdefaultiohookdeferred.obj
c:\users\joel.schultz\documents\github\playgroundsound\playgroundsound\playgroundsound\x64\debug\akdefaultiohookblocking.obj
c:\users\joel.schultz\documents\github\playgroundsound\playgroundsound\playgroundsound\x64\debug\raylibtopdown.obj
c:\users\joel.schultz\documents\github\playgroundsound\playgroundsound\playgroundsound\x64\debug\raylibmaze.obj
c:\users\joel.schultz\documents\github\playgroundsound\playgroundsound\playgroundsound\x64\debug\main.obj
c:\users\joel.schultz\documents\github\playgroundsound\playgroundsound\playgroundsound\x64\debug\gameobject.obj
c:\users\joel.schultz\documents\github\playgroundsound\playgroundsound\x64\debug\playgroundsound.lib
c:\users\joel.schultz\documents\github\playgroundsound\playgroundsound\x64\debug\playgroundsound.exp
c:\users\joel.schultz\documents\github\playgroundsound\playgroundsound\x64\debug\raylib.dll
c:\users\joel.schultz\documents\github\playgroundsound\playgroundsound\x64\debug\playgroundsound.pdb
c:\users\joel.schultz\documents\github\playgroundsound\playgroundsound\playgroundsound\x64\debug\playgroundsound.tlog\cl.command.1.tlog
c:\users\joel.schultz\documents\github\playgroundsound\playgroundsound\playgroundsound\x64\debug\playgroundsound.tlog\cl.items.tlog
c:\users\joel.schultz\documents\github\playgroundsound\playgroundsound\playgroundsound\x64\debug\playgroundsound.tlog\cl.read.1.tlog
c:\users\joel.schultz\documents\github\playgroundsound\playgroundsound\playgroundsound\x64\debug\playgroundsound.tlog\cl.write.1.tlog
c:\users\joel.schultz\documents\github\playgroundsound\playgroundsound\playgroundsound\x64\debug\playgroundsound.tlog\link.33500-cvtres.read.1.tlog
c:\users\joel.schultz\documents\github\playgroundsound\playgroundsound\playgroundsound\x64\debug\playgroundsound.tlog\link.33500-cvtres.write.1.tlog
c:\users\joel.schultz\documents\github\playgroundsound\playgroundsound\playgroundsound\x64\debug\playgroundsound.tlog\link.33500-rc.read.1.tlog
c:\users\joel.schultz\documents\github\playgroundsound\playgroundsound\playgroundsound\x64\debug\playgroundsound.tlog\link.33500-rc.write.1.tlog
c:\users\joel.schultz\documents\github\playgroundsound\playgroundsound\playgroundsound\x64\debug\playgroundsound.tlog\link.33500.read.1.tlog
c:\users\joel.schultz\documents\github\playgroundsound\playgroundsound\playgroundsound\x64\debug\playgroundsound.tlog\link.33500.read.2.tlog
c:\users\joel.schultz\documents\github\playgroundsound\playgroundsound\playgroundsound\x64\debug\playgroundsound.tlog\link.33500.write.1.tlog
c:\users\joel.schultz\documents\github\playgroundsound\playgroundsound\playgroundsound\x64\debug\playgroundsound.tlog\link.command.1.tlog
c:\users\joel.schultz\documents\github\playgroundsound\playgroundsound\playgroundsound\x64\debug\playgroundsound.tlog\link.read.1.tlog
c:\users\joel.schultz\documents\github\playgroundsound\playgroundsound\playgroundsound\x64\debug\playgroundsound.tlog\link.write.1.tlog
c:\users\joel.schultz\documents\github\playgroundsound\playgroundsound\playgroundsound\x64\debug\playgroundsound.tlog\link.write.2u.tlog
c:\users\joel.schultz\documents\github\playgroundsound\playgroundsound\playgroundsound\x64\debug\playgroundsound.tlog\playgroundsound.write.1u.tlog
